2026-06-18T12:18:32,943  WARN ControlerConfigGroup:439 setting overwriting behavior to overwriteExistingFiles
2026-06-18T12:18:32,999  WARN ControlerConfigGroup:440 this is not recommended, as it might result in a directory containing output from several model runs
2026-06-18T12:18:33,001  WARN ControlerConfigGroup:441 prefer the options deleteDirectoryIfExists or failIfDirectoryExists
2026-06-18T12:18:33,005  WARN DrtConfigGroup:248 qsim.endTime should be specified and qsim.simEndtimeInterpretation should be 'onlyUseEndtime' if postponed request rejection is allowed. Otherwise, rejected passengers (who are stuck endlessly waiting for a DRT vehicle) will prevent QSim from stopping. Keep also in mind that not setting an end time may result in agents attempting to travel without vehicles being available.
2026-06-18T12:18:33,007  WARN DrtConfigGroup:268 Consider increasing global.numberOfThreads to at least the value of drt.numberOfThreads in order to speed up the DRT route update during the replanning phase.
WARNING: A terminally deprecated method in sun.misc.Unsafe has been called
WARNING: sun.misc.Unsafe::objectFieldOffset has been called by com.google.common.util.concurrent.AbstractFuture$UnsafeAtomicHelper (file:/D:/Study/TUB/So2026/ITS/GroupAssignment/ITS-Homework2/Assignment_2/Task3-Cottbus/drt-GUI-new.jar)
WARNING: Please consider reporting this to the maintainers of class com.google.common.util.concurrent.AbstractFuture$UnsafeAtomicHelper
WARNING: sun.misc.Unsafe::objectFieldOffset will be removed in a future release
2026-06-18T12:18:38,041  WARN ControlerConfigGroup:439 setting overwriting behavior to overwriteExistingFiles
2026-06-18T12:18:38,102  WARN ControlerConfigGroup:440 this is not recommended, as it might result in a directory containing output from several model runs
2026-06-18T12:18:38,154  WARN ControlerConfigGroup:441 prefer the options deleteDirectoryIfExists or failIfDirectoryExists
2026-06-18T12:18:38,214  WARN DrtConfigGroup:248 qsim.endTime should be specified and qsim.simEndtimeInterpretation should be 'onlyUseEndtime' if postponed request rejection is allowed. Otherwise, rejected passengers (who are stuck endlessly waiting for a DRT vehicle) will prevent QSim from stopping. Keep also in mind that not setting an end time may result in agents attempting to travel without vehicles being available.
2026-06-18T12:18:38,336  WARN DrtConfigGroup:268 Consider increasing global.numberOfThreads to at least the value of drt.numberOfThreads in order to speed up the DRT route update during the replanning phase.
2026-06-18T12:18:39,113  WARN PrepareForSimImpl:229 'usePersonIdForMissingVehicleId' is deprecated. It will be removed soon.
2026-06-18T12:18:39,311  WARN PreProcessEuclidean:60 There are links with stored length smaller than their Euclidean distance in this network. Thus, A* cannot guarantee to calculate the least-cost paths between two nodes.
2026-06-18T12:18:39,755  WARN RandomizingTimeDistanceTravelDisutilityFactory:113 There will be no routing randomness. The randomization of the travel disutility requires the monetary distance rate to be different than zero. Continuing anyway.
2026-06-18T12:18:39,758  WARN RandomizingTimeDistanceTravelDisutilityFactory:118 There will be no routing randomness. The randomization of the travel disutility requires the travel time cost rate to be different than zero. Continuing anyway.
2026-06-18T12:18:39,779  WARN PreProcessEuclidean:60 There are links with stored length smaller than their Euclidean distance in this network. Thus, A* cannot guarantee to calculate the least-cost paths between two nodes.
2026-06-18T12:18:46,376  WARN EditTrips:121 no TransitStopAgentTracker found in qsim. Replanning of pt/transit legs will not work properly and will likely fail.
2026-06-18T12:19:41,479  WARN MGC:179 Assuming that coordinates are in longitude first notation, i.e. (longitude, latitude).
2026-06-18T12:19:42,306  WARN DrtZonalWaitTimesAnalyzer:169 Coordinate reference system "Atlantis" is unknown. Please set a crs in config global. Will try to create drt_waitStats_drt_zonal.shp anyway.
